Parsing mockData.ts...
Parsed 145 countries from mockData.ts
Starting Audit against Wikipedia Data...
[1/145] Auditing United States (usa)...
Fetching military data for United States...
[2/145] Auditing Russia (rus)...
Fetching military data for Russia...
[3/145] Auditing China (chn)...
Fetching military data for China...
[4/145] Auditing India (ind)...
Fetching military data for India...
[5/145] Auditing South Korea (sko)...
Fetching military data for South Korea...
[6/145] Auditing United Kingdom (ukd)...
Fetching military data for United Kingdom...
[7/145] Auditing France (fra)...
Fetching military data for France...
[8/145] Auditing Japan (jpn)...
Fetching military data for Japan...
[9/145] Auditing Turkiye (tky)...
Fetching military data for Turkiye...
[10/145] Auditing Italy (ita)...
Fetching military data for Italy...
[11/145] Auditing Brazil (bra)...
Fetching military data for Brazil...
[12/145] Auditing Pakistan (pak)...
Fetching military data for Pakistan...
[13/145] Auditing Indonesia (ino)...
Fetching military data for Indonesia...
[14/145] Auditing Germany (ger)...
Fetching military data for Germany...
[15/145] Auditing Israel (isr)...
Fetching military data for Israel...
[16/145] Auditing Iran (irn)...
Fetching military data for Iran...
[17/145] Auditing Spain (spn)...
Fetching military data for Spain...
[18/145] Auditing Australia (aus)...
Fetching military data for Australia...
[19/145] Auditing Egypt (egy)...
Fetching military data for Egypt...
[20/145] Auditing Ukraine (ukr)...
Fetching military data for Ukraine...
[21/145] Auditing Poland (pol)...
Fetching military data for Poland...
[22/145] Auditing Taiwan (twn)...
Fetching military data for Taiwan...
[23/145] Auditing Vietnam (vet)...
Fetching military data for Vietnam...
[24/145] Auditing Saudi Arabia (sar)...
Fetching military data for Saudi Arabia...
[25/145] Auditing Thailand (thl)...
Fetching military data for Thailand...
[26/145] Auditing Algeria (alg)...
Fetching military data for Algeria...
[27/145] Auditing Sweden (swe)...
Fetching military data for Sweden...
[28/145] Auditing Canada (can)...
Fetching military data for Canada...
[29/145] Auditing Singapore (sng)...
Fetching military data for Singapore...
[30/145] Auditing Greece (gre)...
Fetching military data for Greece...
[31/145] Auditing Nigeria (nga)...
Fetching military data for Nigeria...
[32/145] Auditing Mexico (mex)...
Fetching military data for Mexico...
[33/145] Auditing Argentina (arg)...
Fetching military data for Argentina...
[34/145] Auditing North Korea (nko)...
Fetching military data for North Korea...
[35/145] Auditing Bangladesh (bng)...
Fetching military data for Bangladesh...
[36/145] Auditing Netherlands (nth)...
Fetching military data for Netherlands...
[37/145] Auditing Myanmar (mya)...
Fetching military data for Myanmar...
[38/145] Auditing Norway (nor)...
Fetching military data for Norway...
[39/145] Auditing Portugal (por)...
Fetching military data for Portugal...
[40/145] Auditing South Africa (saf)...
Fetching military data for South Africa...
[41/145] Auditing Philippines (phl)...
Fetching military data for Philippines...
[42/145] Auditing Malaysia (mly)...
Fetching military data for Malaysia...
[43/145] Auditing Iraq (irq)...
Fetching military data for Iraq...
[44/145] Auditing Switzerland (swz)...
Fetching military data for Switzerland...
[45/145] Auditing Denmark (den)...
Fetching military data for Denmark...
[46/145] Auditing Colombia (col)...
Fetching military data for Colombia...
[47/145] Auditing Chile (chi)...
Fetching military data for Chile...
[48/145] Auditing Finland (fin)...
Fetching military data for Finland...
[49/145] Auditing Peru (per)...
Fetching military data for Peru...
[50/145] Auditing Venezuela (ven)...
Fetching military data for Venezuela...
[51/145] Auditing Romania (rom)...
Fetching military data for Romania...
[52/145] Auditing Ethiopia (eth)...
Fetching military data for Ethiopia...
[53/145] Auditing Czechia (czc)...
Fetching military data for Czechia...
[54/145] Auditing United Arab Emirates (uae)...
Fetching military data for United Arab Emirates...
[55/145] Auditing Hungary (hun)...
Fetching military data for Hungary...
[56/145] Auditing Angola (ang)...
Fetching military data for Angola...
[57/145] Auditing Kazakhstan (kaz)...
Fetching military data for Kazakhstan...
[58/145] Auditing Uzbekistan (uzb)...
Fetching military data for Uzbekistan...
[59/145] Auditing Morocco (mor)...
Fetching military data for Morocco...
[60/145] Auditing Azerbaijan (azr)...
Fetching military data for Azerbaijan...
[61/145] Auditing Belgium (bel)...
Fetching military data for Belgium...
[62/145] Auditing Bulgaria (bul)...
Fetching military data for Bulgaria...
[63/145] Auditing Serbia (srb)...
Fetching military data for Serbia...
[64/145] Auditing Syria (syr)...
Fetching military data for Syria...
[65/145] Auditing Ecuador (ecu)...
Fetching military data for Ecuador...
[66/145] Auditing Democratic Republic of the Congo (drc)...
Fetching military data for Democratic Republic of the Congo...
[67/145] Auditing Cuba (cub)...
Fetching military data for Cuba...
[68/145] Auditing Austria (ast)...
Fetching military data for Austria...
[69/145] Auditing Sri Lanka (srl)...
Fetching military data for Sri Lanka...
[70/145] Auditing Belarus (blr)...
Fetching military data for Belarus...
[71/145] Auditing Slovakia (slk)...
Fetching military data for Slovakia...
[72/145] Auditing Qatar (qtr)...
Fetching military data for Qatar...
[73/145] Auditing Sudan (sdn)...
Fetching military data for Sudan...
[74/145] Auditing Croatia (cro)...
Fetching military data for Croatia...
[75/145] Auditing Jordan (jor)...
Fetching military data for Jordan...
[76/145] Auditing Libya (lby)...
Fetching military data for Libya...
[77/145] Auditing Turkmenistan (tkm)...
Fetching military data for Turkmenistan...
[78/145] Auditing Albania (alb)...
Fetching military data for Albania...
[79/145] Auditing Kuwait (kuw)...
Fetching military data for Kuwait...
[80/145] Auditing Bolivia (bol)...
Fetching military data for Bolivia...
[81/145] Auditing Bahrain (bah)...
Fetching military data for Bahrain...
[82/145] Auditing Oman (oma)...
Fetching military data for Oman...
[83/145] Auditing Kenya (ken)...
Fetching military data for Kenya...
[84/145] Auditing Chad (chd)...
Fetching military data for Chad...
[85/145] Auditing Yemen (yem)...
Fetching military data for Yemen...
[86/145] Auditing New Zealand (nwz)...
Fetching military data for New Zealand...
[87/145] Auditing Paraguay (par)...
Fetching military data for Paraguay...
[88/145] Auditing Lithuania (lit)...
Fetching military data for Lithuania...
[89/145] Auditing Mozambique (moz)...
Fetching military data for Mozambique...
[90/145] Auditing Tunisia (tun)...
Fetching military data for Tunisia...
[91/145] Auditing Armenia (arm)...
Fetching military data for Armenia...
[92/145] Auditing Tanzania (tnz)...
Fetching military data for Tanzania...
[93/145] Auditing Cameroon (cam)...
Fetching military data for Cameroon...
[94/145] Auditing Georgia (geo)...
Fetching military data for Georgia...
[95/145] Auditing Cambodia (cmb)...
Fetching military data for Cambodia...
[96/145] Auditing Slovenia (sln)...
Fetching military data for Slovenia...
[97/145] Auditing Ireland (ire)...
Fetching military data for Ireland...
[98/145] Auditing Mongolia (mgl)...
Fetching military data for Mongolia...
[99/145] Auditing Latvia (lat)...
Fetching military data for Latvia...
[100/145] Auditing Uruguay (uru)...
Fetching military data for Uruguay...
[101/145] Auditing Honduras (hon)...
Fetching military data for Honduras...
[102/145] Auditing Ivory Coast (ivc)...
Fetching military data for Ivory Coast...
[103/145] Auditing Guatemala (gua)...
Fetching military data for Guatemala...
[104/145] Auditing Mali (mal)...
Fetching military data for Mali...
[105/145] Auditing Kyrgyzstan (kyr)...
Fetching military data for Kyrgyzstan...
[106/145] Auditing Laos (lao)...
Fetching military data for Laos...
[107/145] Auditing Estonia (est)...
Fetching military data for Estonia...
[108/145] Auditing Tajikistan (tjk)...
Fetching military data for Tajikistan...
[109/145] Auditing Zambia (zam)...
Fetching military data for Zambia...
[110/145] Auditing Ghana (gha)...
Fetching military data for Ghana...
[111/145] Auditing Zimbabwe (zim)...
Fetching military data for Zimbabwe...
[112/145] Auditing North Macedonia (mac)...
Fetching military data for North Macedonia...
[113/145] Auditing South Sudan (ssd)...
Fetching military data for South Sudan...
[114/145] Auditing Uganda (uga)...
Fetching military data for Uganda...
[115/145] Auditing Lebanon (leb)...
Fetching military data for Lebanon...
[116/145] Auditing Namibia (nam)...
Fetching military data for Namibia...
[117/145] Auditing Luxembourg (lux)...
Fetching military data for Luxembourg...
[118/145] Auditing Afghanistan (afg)...
Fetching military data for Afghanistan...
[119/145] Auditing Niger (ngr)...
Fetching military data for Niger...
[120/145] Auditing Eritrea (eri)...
Fetching military data for Eritrea...
[121/145] Auditing Republic of the Congo (roc)...
Fetching military data for Republic of the Congo...
[122/145] Auditing Botswana (bot)...
Fetching military data for Botswana...
[123/145] Auditing Mauritania (mau)...
Fetching military data for Mauritania...
[124/145] Auditing Dominican Republic (dom)...
Fetching military data for Dominican Republic...
[125/145] Auditing Senegal (sen)...
Fetching military data for Senegal...
[126/145] Auditing Nepal (nep)...
Fetching military data for Nepal...
[127/145] Auditing Montenegro (mtn)...
Fetching military data for Montenegro...
[128/145] Auditing El Salvador (esl)...
Fetching military data for El Salvador...
[129/145] Auditing Burkina Faso (bkf)...
Fetching military data for Burkina Faso...
[130/145] Auditing Madagascar (mad)...
Fetching military data for Madagascar...
[131/145] Auditing Nicaragua (nic)...
Fetching military data for Nicaragua...
[132/145] Auditing Bosnia and Herzegovina (bos)...
Fetching military data for Bosnia and Herzegovina...
[133/145] Auditing Gabon (gab)...
Fetching military data for Gabon...
[134/145] Auditing Moldova (mol)...
Fetching military data for Moldova...
[135/145] Auditing Iceland (ice)...
Fetching military data for Iceland...
[136/145] Auditing Panama (pan)...
Fetching military data for Panama...
[137/145] Auditing Belize (blz)...
Fetching military data for Belize...
[138/145] Auditing Liberia (lib)...
Fetching military data for Liberia...
[139/145] Auditing Suriname (srn)...
Fetching military data for Suriname...
[140/145] Auditing Sierra Leone (sle)...
Fetching military data for Sierra Leone...
[141/145] Auditing Kosovo (kos)...
Fetching military data for Kosovo...
[142/145] Auditing Somalia (som)...
Fetching military data for Somalia...
[143/145] Auditing Central African Republic (car)...
Fetching military data for Central African Republic...
[144/145] Auditing Benin (ben)...
Fetching military data for Benin...
[145/145] Auditing Bhutan (but)...
Fetching military data for Bhutan...
Audit complete. Report saved to c:\shin_working\war\military-platform\audit_report.txt
Parsing mockData.ts...
Parsed 145 countries from mockData.ts
Starting Audit against Wikipedia Data...
[1/145] Auditing United States (usa)...
Fetching military data for United States...
[2/145] Auditing Russia (rus)...
Fetching military data for Russia...
[3/145] Auditing China (chn)...
Fetching military data for China...
[4/145] Auditing India (ind)...
Fetching military data for India...
[5/145] Auditing South Korea (sko)...
Fetching military data for South Korea...
[6/145] Auditing United Kingdom (ukd)...
Fetching military data for United Kingdom...
[7/145] Auditing France (fra)...
Fetching military data for France...
[8/145] Auditing Japan (jpn)...
Fetching military data for Japan...
[9/145] Auditing Turkiye (tky)...
Fetching military data for Turkiye...
[10/145] Auditing Italy (ita)...
Fetching military data for Italy...
[11/145] Auditing Brazil (bra)...
Fetching military data for Brazil...
[12/145] Auditing Pakistan (pak)...
Fetching military data for Pakistan...
[13/145] Auditing Indonesia (ino)...
Fetching military data for Indonesia...
[14/145] Auditing Germany (ger)...
Fetching military data for Germany...
[15/145] Auditing Israel (isr)...
Fetching military data for Israel...
[16/145] Auditing Iran (irn)...
Fetching military data for Iran...
[17/145] Auditing Spain (spn)...
Fetching military data for Spain...
[18/145] Auditing Australia (aus)...
Fetching military data for Australia...
[19/145] Auditing Egypt (egy)...
Fetching military data for Egypt...
[20/145] Auditing Ukraine (ukr)...
Fetching military data for Ukraine...
[21/145] Auditing Poland (pol)...
Fetching military data for Poland...
[22/145] Auditing Taiwan (twn)...
Fetching military data for Taiwan...
[23/145] Auditing Vietnam (vet)...
Fetching military data for Vietnam...
[24/145] Auditing Saudi Arabia (sar)...
Fetching military data for Saudi Arabia...
[25/145] Auditing Thailand (thl)...
Fetching military data for Thailand...
[26/145] Auditing Algeria (alg)...
Fetching military data for Algeria...
[27/145] Auditing Sweden (swe)...
Fetching military data for Sweden...
[28/145] Auditing Canada (can)...
Fetching military data for Canada...
[29/145] Auditing Singapore (sng)...
Fetching military data for Singapore...
[30/145] Auditing Greece (gre)...
Fetching military data for Greece...
[31/145] Auditing Nigeria (nga)...
Fetching military data for Nigeria...
[32/145] Auditing Mexico (mex)...
Fetching military data for Mexico...
[33/145] Auditing Argentina (arg)...
Fetching military data for Argentina...
[34/145] Auditing North Korea (nko)...
Fetching military data for North Korea...
[35/145] Auditing Bangladesh (bng)...
Fetching military data for Bangladesh...
[36/145] Auditing Netherlands (nth)...
Fetching military data for Netherlands...
[37/145] Auditing Myanmar (mya)...
Fetching military data for Myanmar...
[38/145] Auditing Norway (nor)...
Fetching military data for Norway...
[39/145] Auditing Portugal (por)...
Fetching military data for Portugal...
[40/145] Auditing South Africa (saf)...
Fetching military data for South Africa...
[41/145] Auditing Philippines (phl)...
Fetching military data for Philippines...
[42/145] Auditing Malaysia (mly)...
Fetching military data for Malaysia...
[43/145] Auditing Iraq (irq)...
Fetching military data for Iraq...
[44/145] Auditing Switzerland (swz)...
Fetching military data for Switzerland...
[45/145] Auditing Denmark (den)...
Fetching military data for Denmark...
[46/145] Auditing Colombia (col)...
Fetching military data for Colombia...
[47/145] Auditing Chile (chi)...
Fetching military data for Chile...
[48/145] Auditing Finland (fin)...
Fetching military data for Finland...
[49/145] Auditing Peru (per)...
Fetching military data for Peru...
[50/145] Auditing Venezuela (ven)...
Fetching military data for Venezuela...
[51/145] Auditing Romania (rom)...
Fetching military data for Romania...
[52/145] Auditing Ethiopia (eth)...
Fetching military data for Ethiopia...
[53/145] Auditing Czechia (czc)...
Fetching military data for Czechia...
[54/145] Auditing United Arab Emirates (uae)...
Fetching military data for United Arab Emirates...
[55/145] Auditing Hungary (hun)...
Fetching military data for Hungary...
[56/145] Auditing Angola (ang)...
Fetching military data for Angola...
[57/145] Auditing Kazakhstan (kaz)...
Fetching military data for Kazakhstan...
[58/145] Auditing Uzbekistan (uzb)...
Fetching military data for Uzbekistan...
[59/145] Auditing Morocco (mor)...
Fetching military data for Morocco...
[60/145] Auditing Azerbaijan (azr)...
Fetching military data for Azerbaijan...
[61/145] Auditing Belgium (bel)...
Fetching military data for Belgium...
[62/145] Auditing Bulgaria (bul)...
Fetching military data for Bulgaria...
[63/145] Auditing Serbia (srb)...
Fetching military data for Serbia...
[64/145] Auditing Syria (syr)...
Fetching military data for Syria...
[65/145] Auditing Ecuador (ecu)...
Fetching military data for Ecuador...
[66/145] Auditing Democratic Republic of the Congo (drc)...
Fetching military data for Democratic Republic of the Congo...
[67/145] Auditing Cuba (cub)...
Fetching military data for Cuba...
[68/145] Auditing Austria (ast)...
Fetching military data for Austria...
[69/145] Auditing Sri Lanka (srl)...
Fetching military data for Sri Lanka...
[70/145] Auditing Belarus (blr)...
Fetching military data for Belarus...
[71/145] Auditing Slovakia (slk)...
Fetching military data for Slovakia...
[72/145] Auditing Qatar (qtr)...
Fetching military data for Qatar...
[73/145] Auditing Sudan (sdn)...
Fetching military data for Sudan...
[74/145] Auditing Croatia (cro)...
Fetching military data for Croatia...
[75/145] Auditing Jordan (jor)...
Fetching military data for Jordan...
[76/145] Auditing Libya (lby)...
Fetching military data for Libya...
[77/145] Auditing Turkmenistan (tkm)...
Fetching military data for Turkmenistan...
[78/145] Auditing Albania (alb)...
Fetching military data for Albania...
[79/145] Auditing Kuwait (kuw)...
Fetching military data for Kuwait...
[80/145] Auditing Bolivia (bol)...
Fetching military data for Bolivia...
[81/145] Auditing Bahrain (bah)...
Fetching military data for Bahrain...
[82/145] Auditing Oman (oma)...
Fetching military data for Oman...
[83/145] Auditing Kenya (ken)...
Fetching military data for Kenya...
[84/145] Auditing Chad (chd)...
Fetching military data for Chad...
[85/145] Auditing Yemen (yem)...
Fetching military data for Yemen...
[86/145] Auditing New Zealand (nwz)...
Fetching military data for New Zealand...
[87/145] Auditing Paraguay (par)...
Fetching military data for Paraguay...
[88/145] Auditing Lithuania (lit)...
Fetching military data for Lithuania...
[89/145] Auditing Mozambique (moz)...
Fetching military data for Mozambique...
[90/145] Auditing Tunisia (tun)...
Fetching military data for Tunisia...
[91/145] Auditing Armenia (arm)...
Fetching military data for Armenia...
[92/145] Auditing Tanzania (tnz)...
Fetching military data for Tanzania...
[93/145] Auditing Cameroon (cam)...
Fetching military data for Cameroon...
[94/145] Auditing Georgia (geo)...
Fetching military data for Georgia...
[95/145] Auditing Cambodia (cmb)...
Fetching military data for Cambodia...
[96/145] Auditing Slovenia (sln)...
Fetching military data for Slovenia...
[97/145] Auditing Ireland (ire)...
Fetching military data for Ireland...
[98/145] Auditing Mongolia (mgl)...
Fetching military data for Mongolia...
[99/145] Auditing Latvia (lat)...
Fetching military data for Latvia...
[100/145] Auditing Uruguay (uru)...
Fetching military data for Uruguay...
[101/145] Auditing Honduras (hon)...
Fetching military data for Honduras...
[102/145] Auditing Ivory Coast (ivc)...
Fetching military data for Ivory Coast...
[103/145] Auditing Guatemala (gua)...
Fetching military data for Guatemala...
[104/145] Auditing Mali (mal)...
Fetching military data for Mali...
[105/145] Auditing Kyrgyzstan (kyr)...
Fetching military data for Kyrgyzstan...
[106/145] Auditing Laos (lao)...
Fetching military data for Laos...
[107/145] Auditing Estonia (est)...
Fetching military data for Estonia...
[108/145] Auditing Tajikistan (tjk)...
Fetching military data for Tajikistan...
[109/145] Auditing Zambia (zam)...
Fetching military data for Zambia...
[110/145] Auditing Ghana (gha)...
Fetching military data for Ghana...
[111/145] Auditing Zimbabwe (zim)...
Fetching military data for Zimbabwe...
[112/145] Auditing North Macedonia (mac)...
Fetching military data for North Macedonia...
[113/145] Auditing South Sudan (ssd)...
Fetching military data for South Sudan...
[114/145] Auditing Uganda (uga)...
Fetching military data for Uganda...
[115/145] Auditing Lebanon (leb)...
Fetching military data for Lebanon...
[116/145] Auditing Namibia (nam)...
Fetching military data for Namibia...
[117/145] Auditing Luxembourg (lux)...
Fetching military data for Luxembourg...
[118/145] Auditing Afghanistan (afg)...
Fetching military data for Afghanistan...
[119/145] Auditing Niger (ngr)...
Fetching military data for Niger...
[120/145] Auditing Eritrea (eri)...
Fetching military data for Eritrea...
[121/145] Auditing Republic of the Congo (roc)...
Fetching military data for Republic of the Congo...
[122/145] Auditing Botswana (bot)...
Fetching military data for Botswana...
[123/145] Auditing Mauritania (mau)...
Fetching military data for Mauritania...
[124/145] Auditing Dominican Republic (dom)...
Fetching military data for Dominican Republic...
[125/145] Auditing Senegal (sen)...
Fetching military data for Senegal...
[126/145] Auditing Nepal (nep)...
Fetching military data for Nepal...
[127/145] Auditing Montenegro (mtn)...
Fetching military data for Montenegro...
[128/145] Auditing El Salvador (esl)...
Fetching military data for El Salvador...
[129/145] Auditing Burkina Faso (bkf)...
Fetching military data for Burkina Faso...
[130/145] Auditing Madagascar (mad)...
Fetching military data for Madagascar...
[131/145] Auditing Nicaragua (nic)...
Fetching military data for Nicaragua...
[132/145] Auditing Bosnia and Herzegovina (bos)...
Fetching military data for Bosnia and Herzegovina...
[133/145] Auditing Gabon (gab)...
Fetching military data for Gabon...
[134/145] Auditing Moldova (mol)...
Fetching military data for Moldova...
[135/145] Auditing Iceland (ice)...
Fetching military data for Iceland...
[136/145] Auditing Panama (pan)...
Fetching military data for Panama...
[137/145] Auditing Belize (blz)...
Fetching military data for Belize...
[138/145] Auditing Liberia (lib)...
Fetching military data for Liberia...
[139/145] Auditing Suriname (srn)...
Fetching military data for Suriname...
[140/145] Auditing Sierra Leone (sle)...
Fetching military data for Sierra Leone...
[141/145] Auditing Kosovo (kos)...
Fetching military data for Kosovo...
[142/145] Auditing Somalia (som)...
Fetching military data for Somalia...
[143/145] Auditing Central African Republic (car)...
Fetching military data for Central African Republic...
[144/145] Auditing Benin (ben)...
Fetching military data for Benin...
[145/145] Auditing Bhutan (but)...
Fetching military data for Bhutan...
Audit complete. Report saved to c:\shin_working\war\military-platform\audit_report.txt
Parsing mockData.ts...
Parsed 145 countries from mockData.ts
Starting Audit against Wikipedia Data...
[1/145] Auditing United States (usa)...
Fetching military data for United States...
[2/145] Auditing Russia (rus)...
Fetching military data for Russia...
[3/145] Auditing China (chn)...
Fetching military data for China...
[4/145] Auditing India (ind)...
Fetching military data for India...
[5/145] Auditing South Korea (sko)...
Fetching military data for South Korea...
[6/145] Auditing United Kingdom (ukd)...
Fetching military data for United Kingdom...
[7/145] Auditing France (fra)...
Fetching military data for France...
[8/145] Auditing Japan (jpn)...
Fetching military data for Japan...
[9/145] Auditing Turkiye (tky)...
Fetching military data for Turkiye...
[10/145] Auditing Italy (ita)...
Fetching military data for Italy...
[11/145] Auditing Brazil (bra)...
Fetching military data for Brazil...
[12/145] Auditing Pakistan (pak)...
Fetching military data for Pakistan...
[13/145] Auditing Indonesia (ino)...
Fetching military data for Indonesia...
[14/145] Auditing Germany (ger)...
Fetching military data for Germany...
[15/145] Auditing Israel (isr)...
Fetching military data for Israel...
[16/145] Auditing Iran (irn)...
Fetching military data for Iran...
[17/145] Auditing Spain (spn)...
Fetching military data for Spain...
[18/145] Auditing Australia (aus)...
Fetching military data for Australia...
[19/145] Auditing Egypt (egy)...
Fetching military data for Egypt...
[20/145] Auditing Ukraine (ukr)...
Fetching military data for Ukraine...
[21/145] Auditing Poland (pol)...
Fetching military data for Poland...
[22/145] Auditing Taiwan (twn)...
Fetching military data for Taiwan...
[23/145] Auditing Vietnam (vet)...
Fetching military data for Vietnam...
[24/145] Auditing Saudi Arabia (sar)...
Fetching military data for Saudi Arabia...
[25/145] Auditing Thailand (thl)...
Fetching military data for Thailand...
[26/145] Auditing Algeria (alg)...
Fetching military data for Algeria...
[27/145] Auditing Sweden (swe)...
Fetching military data for Sweden...
[28/145] Auditing Canada (can)...
Fetching military data for Canada...
[29/145] Auditing Singapore (sng)...
Fetching military data for Singapore...
[30/145] Auditing Greece (gre)...
Fetching military data for Greece...
[31/145] Auditing Nigeria (nga)...
Fetching military data for Nigeria...
[32/145] Auditing Mexico (mex)...
Fetching military data for Mexico...
[33/145] Auditing Argentina (arg)...
Fetching military data for Argentina...
[34/145] Auditing North Korea (nko)...
Fetching military data for North Korea...
[35/145] Auditing Bangladesh (bng)...
Fetching military data for Bangladesh...
[36/145] Auditing Netherlands (nth)...
Fetching military data for Netherlands...
[37/145] Auditing Myanmar (mya)...
Fetching military data for Myanmar...
[38/145] Auditing Norway (nor)...
Fetching military data for Norway...
[39/145] Auditing Portugal (por)...
Fetching military data for Portugal...
[40/145] Auditing South Africa (saf)...
Fetching military data for South Africa...
[41/145] Auditing Philippines (phl)...
Fetching military data for Philippines...
[42/145] Auditing Malaysia (mly)...
Fetching military data for Malaysia...
[43/145] Auditing Iraq (irq)...
Fetching military data for Iraq...
[44/145] Auditing Switzerland (swz)...
Fetching military data for Switzerland...
[45/145] Auditing Denmark (den)...
Fetching military data for Denmark...
[46/145] Auditing Colombia (col)...
Fetching military data for Colombia...
[47/145] Auditing Chile (chi)...
Fetching military data for Chile...
[48/145] Auditing Finland (fin)...
Fetching military data for Finland...
[49/145] Auditing Peru (per)...
Fetching military data for Peru...
[50/145] Auditing Venezuela (ven)...
Fetching military data for Venezuela...
[51/145] Auditing Romania (rom)...
Fetching military data for Romania...
[52/145] Auditing Ethiopia (eth)...
Fetching military data for Ethiopia...
[53/145] Auditing Czechia (czc)...
Fetching military data for Czechia...
[54/145] Auditing United Arab Emirates (uae)...
Fetching military data for United Arab Emirates...
[55/145] Auditing Hungary (hun)...
Fetching military data for Hungary...
[56/145] Auditing Angola (ang)...
Fetching military data for Angola...
[57/145] Auditing Kazakhstan (kaz)...
Fetching military data for Kazakhstan...
[58/145] Auditing Uzbekistan (uzb)...
Fetching military data for Uzbekistan...
[59/145] Auditing Morocco (mor)...
Fetching military data for Morocco...
[60/145] Auditing Azerbaijan (azr)...
Fetching military data for Azerbaijan...
[61/145] Auditing Belgium (bel)...
Fetching military data for Belgium...
[62/145] Auditing Bulgaria (bul)...
Fetching military data for Bulgaria...
[63/145] Auditing Serbia (srb)...
Fetching military data for Serbia...
[64/145] Auditing Syria (syr)...
Fetching military data for Syria...
[65/145] Auditing Ecuador (ecu)...
Fetching military data for Ecuador...
[66/145] Auditing Democratic Republic of the Congo (drc)...
Fetching military data for Democratic Republic of the Congo...
[67/145] Auditing Cuba (cub)...
Fetching military data for Cuba...
[68/145] Auditing Austria (ast)...
Fetching military data for Austria...
[69/145] Auditing Sri Lanka (srl)...
Fetching military data for Sri Lanka...
[70/145] Auditing Belarus (blr)...
Fetching military data for Belarus...
[71/145] Auditing Slovakia (slk)...
Fetching military data for Slovakia...
[72/145] Auditing Qatar (qtr)...
Fetching military data for Qatar...
[73/145] Auditing Sudan (sdn)...
Fetching military data for Sudan...
[74/145] Auditing Croatia (cro)...
Fetching military data for Croatia...
[75/145] Auditing Jordan (jor)...
Fetching military data for Jordan...
[76/145] Auditing Libya (lby)...
Fetching military data for Libya...
[77/145] Auditing Turkmenistan (tkm)...
Fetching military data for Turkmenistan...
[78/145] Auditing Albania (alb)...
Fetching military data for Albania...
[79/145] Auditing Kuwait (kuw)...
Fetching military data for Kuwait...
[80/145] Auditing Bolivia (bol)...
Fetching military data for Bolivia...
[81/145] Auditing Bahrain (bah)...
Fetching military data for Bahrain...
[82/145] Auditing Oman (oma)...
Fetching military data for Oman...
[83/145] Auditing Kenya (ken)...
Fetching military data for Kenya...
[84/145] Auditing Chad (chd)...
Fetching military data for Chad...
[85/145] Auditing Yemen (yem)...
Fetching military data for Yemen...
[86/145] Auditing New Zealand (nwz)...
Fetching military data for New Zealand...
[87/145] Auditing Paraguay (par)...
Fetching military data for Paraguay...
[88/145] Auditing Lithuania (lit)...
Fetching military data for Lithuania...
[89/145] Auditing Mozambique (moz)...
Fetching military data for Mozambique...
[90/145] Auditing Tunisia (tun)...
Fetching military data for Tunisia...
[91/145] Auditing Armenia (arm)...
Fetching military data for Armenia...
[92/145] Auditing Tanzania (tnz)...
Fetching military data for Tanzania...
[93/145] Auditing Cameroon (cam)...
Fetching military data for Cameroon...
[94/145] Auditing Georgia (geo)...
Fetching military data for Georgia...
[95/145] Auditing Cambodia (cmb)...
Fetching military data for Cambodia...
[96/145] Auditing Slovenia (sln)...
Fetching military data for Slovenia...
[97/145] Auditing Ireland (ire)...
Fetching military data for Ireland...
[98/145] Auditing Mongolia (mgl)...
Fetching military data for Mongolia...
[99/145] Auditing Latvia (lat)...
Fetching military data for Latvia...
[100/145] Auditing Uruguay (uru)...
Fetching military data for Uruguay...
[101/145] Auditing Honduras (hon)...
Fetching military data for Honduras...
[102/145] Auditing Ivory Coast (ivc)...
Fetching military data for Ivory Coast...
[103/145] Auditing Guatemala (gua)...
Fetching military data for Guatemala...
[104/145] Auditing Mali (mal)...
Fetching military data for Mali...
[105/145] Auditing Kyrgyzstan (kyr)...
Fetching military data for Kyrgyzstan...
[106/145] Auditing Laos (lao)...
Fetching military data for Laos...
[107/145] Auditing Estonia (est)...
Fetching military data for Estonia...
[108/145] Auditing Tajikistan (tjk)...
Fetching military data for Tajikistan...
[109/145] Auditing Zambia (zam)...
Fetching military data for Zambia...
[110/145] Auditing Ghana (gha)...
Fetching military data for Ghana...
[111/145] Auditing Zimbabwe (zim)...
Fetching military data for Zimbabwe...
[112/145] Auditing North Macedonia (mac)...
Fetching military data for North Macedonia...
[113/145] Auditing South Sudan (ssd)...
Fetching military data for South Sudan...
[114/145] Auditing Uganda (uga)...
Fetching military data for Uganda...
[115/145] Auditing Lebanon (leb)...
Fetching military data for Lebanon...
[116/145] Auditing Namibia (nam)...
Fetching military data for Namibia...
[117/145] Auditing Luxembourg (lux)...
Fetching military data for Luxembourg...
[118/145] Auditing Afghanistan (afg)...
Fetching military data for Afghanistan...
[119/145] Auditing Niger (ngr)...
Fetching military data for Niger...
[120/145] Auditing Eritrea (eri)...
Fetching military data for Eritrea...
[121/145] Auditing Republic of the Congo (roc)...
Fetching military data for Republic of the Congo...
[122/145] Auditing Botswana (bot)...
Fetching military data for Botswana...
[123/145] Auditing Mauritania (mau)...
Fetching military data for Mauritania...
[124/145] Auditing Dominican Republic (dom)...
Fetching military data for Dominican Republic...
[125/145] Auditing Senegal (sen)...
Fetching military data for Senegal...
[126/145] Auditing Nepal (nep)...
Fetching military data for Nepal...
[127/145] Auditing Montenegro (mtn)...
Fetching military data for Montenegro...
[128/145] Auditing El Salvador (esl)...
Fetching military data for El Salvador...
[129/145] Auditing Burkina Faso (bkf)...
Fetching military data for Burkina Faso...
[130/145] Auditing Madagascar (mad)...
Fetching military data for Madagascar...
[131/145] Auditing Nicaragua (nic)...
Fetching military data for Nicaragua...
[132/145] Auditing Bosnia and Herzegovina (bos)...
Fetching military data for Bosnia and Herzegovina...
[133/145] Auditing Gabon (gab)...
Fetching military data for Gabon...
[134/145] Auditing Moldova (mol)...
Fetching military data for Moldova...
[135/145] Auditing Iceland (ice)...
Fetching military data for Iceland...
[136/145] Auditing Panama (pan)...
Fetching military data for Panama...
[137/145] Auditing Belize (blz)...
Fetching military data for Belize...
[138/145] Auditing Liberia (lib)...
Fetching military data for Liberia...
[139/145] Auditing Suriname (srn)...
Fetching military data for Suriname...
[140/145] Auditing Sierra Leone (sle)...
Fetching military data for Sierra Leone...
[141/145] Auditing Kosovo (kos)...
Fetching military data for Kosovo...
[142/145] Auditing Somalia (som)...
Fetching military data for Somalia...
[143/145] Auditing Central African Republic (car)...
Fetching military data for Central African Republic...
[144/145] Auditing Benin (ben)...
Fetching military data for Benin...
[145/145] Auditing Bhutan (but)...
Fetching military data for Bhutan...
Audit complete. Report saved to c:\shin_working\war\military-platform\audit_report.txt
python: can't open file 'c:\\shin_working\\war\\military-platform\\scripts\\audit_military_data.py': [Errno 2] No such file or directory
python: can't open file 'c:\\shin_working\\war\\military-platform\\scripts\\audit_military_data.py': [Errno 2] No such file or directory
python: can't open file 'c:\\shin_working\\war\\military-platform\\scripts\\audit_military_data.py': [Errno 2] No such file or directory
python: can't open file 'c:\\shin_working\\war\\military-platform\\scripts\\audit_military_data.py': [Errno 2] No such file or directory
python: can't open file 'c:\\shin_working\\war\\military-platform\\scripts\\audit_military_data.py': [Errno 2] No such file or directory
python: can't open file 'c:\\shin_working\\war\\military-platform\\scripts\\audit_military_data.py': [Errno 2] No such file or directory
python: can't open file 'c:\\shin_working\\war\\military-platform\\scripts\\audit_military_data.py': [Errno 2] No such file or directory
python: can't open file 'c:\\shin_working\\war\\military-platform\\scripts\\audit_military_data.py': [Errno 2] No such file or directory
python: can't open file 'c:\\shin_working\\war\\military-platform\\scripts\\audit_military_data.py': [Errno 2] No such file or directory
python: can't open file 'c:\\shin_working\\war\\military-platform\\scripts\\audit_military_data.py': [Errno 2] No such file or directory
python: can't open file 'c:\\shin_working\\war\\military-platform\\scripts\\audit_military_data.py': [Errno 2] No such file or directory
python: can't open file 'c:\\shin_working\\war\\military-platform\\scripts\\audit_military_data.py': [Errno 2] No such file or directory
python: can't open file 'c:\\shin_working\\war\\military-platform\\scripts\\audit_military_data.py': [Errno 2] No such file or directory
python: can't open file 'c:\\shin_working\\war\\military-platform\\scripts\\audit_military_data.py': [Errno 2] No such file or directory
python: can't open file 'c:\\shin_working\\war\\military-platform\\scripts\\audit_military_data.py': [Errno 2] No such file or directory
python: can't open file 'c:\\shin_working\\war\\military-platform\\scripts\\audit_military_data.py': [Errno 2] No such file or directory
python: can't open file 'c:\\shin_working\\war\\military-platform\\scripts\\audit_military_data.py': [Errno 2] No such file or directory
python: can't open file 'c:\\shin_working\\war\\military-platform\\scripts\\audit_military_data.py': [Errno 2] No such file or directory
python: can't open file 'c:\\shin_working\\war\\military-platform\\scripts\\audit_military_data.py': [Errno 2] No such file or directory
python: can't open file 'c:\\shin_working\\war\\military-platform\\scripts\\audit_military_data.py': [Errno 2] No such file or directory
python: can't open file 'c:\\shin_working\\war\\military-platform\\scripts\\audit_military_data.py': [Errno 2] No such file or directory
python: can't open file 'c:\\shin_working\\war\\military-platform\\scripts\\audit_military_data.py': [Errno 2] No such file or directory
python: can't open file 'c:\\shin_working\\war\\military-platform\\scripts\\audit_military_data.py': [Errno 2] No such file or directory
python: can't open file 'c:\\shin_working\\war\\military-platform\\scripts\\audit_military_data.py': [Errno 2] No such file or directory
python: can't open file 'c:\\shin_working\\war\\military-platform\\scripts\\audit_military_data.py': [Errno 2] No such file or directory
python: can't open file 'c:\\shin_working\\war\\military-platform\\scripts\\audit_military_data.py': [Errno 2] No such file or directory
python: can't open file 'c:\\shin_working\\war\\military-platform\\scripts\\audit_military_data.py': [Errno 2] No such file or directory
python: can't open file 'c:\\shin_working\\war\\military-platform\\scripts\\audit_military_data.py': [Errno 2] No such file or directory
python: can't open file 'c:\\shin_working\\war\\military-platform\\scripts\\audit_military_data.py': [Errno 2] No such file or directory
python: can't open file 'c:\\shin_working\\war\\military-platform\\scripts\\audit_military_data.py': [Errno 2] No such file or directory
python: can't open file 'c:\\shin_working\\war\\military-platform\\scripts\\audit_military_data.py': [Errno 2] No such file or directory
python: can't open file 'c:\\shin_working\\war\\military-platform\\scripts\\audit_military_data.py': [Errno 2] No such file or directory
python: can't open file 'c:\\shin_working\\war\\military-platform\\scripts\\audit_military_data.py': [Errno 2] No such file or directory
python: can't open file 'c:\\shin_working\\war\\military-platform\\scripts\\audit_military_data.py': [Errno 2] No such file or directory
python: can't open file 'c:\\shin_working\\war\\military-platform\\scripts\\audit_military_data.py': [Errno 2] No such file or directory
python: can't open file 'c:\\shin_working\\war\\military-platform\\scripts\\audit_military_data.py': [Errno 2] No such file or directory
python: can't open file 'c:\\shin_working\\war\\military-platform\\scripts\\audit_military_data.py': [Errno 2] No such file or directory
python: can't open file 'c:\\shin_working\\war\\military-platform\\scripts\\audit_military_data.py': [Errno 2] No such file or directory
python: can't open file 'c:\\shin_working\\war\\military-platform\\scripts\\audit_military_data.py': [Errno 2] No such file or directory
python: can't open file 'c:\\shin_working\\war\\military-platform\\scripts\\audit_military_data.py': [Errno 2] No such file or directory
python: can't open file 'c:\\shin_working\\war\\military-platform\\scripts\\audit_military_data.py': [Errno 2] No such file or directory
python: can't open file 'c:\\shin_working\\war\\military-platform\\scripts\\audit_military_data.py': [Errno 2] No such file or directory
